<html>
<head>
<title>TestNG:  Default test</title>
<link href="../testng.css" rel="stylesheet" type="text/css" />
<link href="../my-testng.css" rel="stylesheet" type="text/css" />

<style type="text/css">
.log { display: none;} 
.stack-trace { display: none;} 
</style>
<script type="text/javascript">
<!--
function flip(e) {
  current = e.style.display;
  if (current == 'block') {
    e.style.display = 'none';
    return 0;
  }
  else {
    e.style.display = 'block';
    return 1;
  }
}

function toggleBox(szDivId, elem, msg1, msg2)
{
  var res = -1;  if (document.getElementById) {
    res = flip(document.getElementById(szDivId));
  }
  else if (document.all) {
    // this is the way old msie versions work
    res = flip(document.all[szDivId]);
  }
  if(elem) {
    if(res == 0) elem.innerHTML = msg1; else elem.innerHTML = msg2;
  }

}

function toggleAllBoxes() {
  if (document.getElementsByTagName) {
    d = document.getElementsByTagName('div');
    for (i = 0; i < d.length; i++) {
      if (d[i].className == 'log') {
        flip(d[i]);
      }
    }
  }
}

// -->
</script>

</head>
<body>
<h2 align='center'>Default test</h2><table border='1' align="center">
<tr>
<td>Tests passed/Failed/Skipped:</td><td>51/3/0</td>
</tr><tr>
<td>Started on:</td><td>Mon Jun 12 11:37:54 IST 2023</td>
</tr>
<tr><td>Total time:</td><td>288 seconds (288812 ms)</td>
</tr><tr>
<td>Included groups:</td><td></td>
</tr><tr>
<td>Excluded groups:</td><td></td>
</tr>
</table><p/>
<small><i>(Hover the method name to see the test class name)</i></small><p/>
<table width='100%' border='1' class='invocation-failed'>
<tr><td colspan='4' align='center'><b>FAILED TESTS</b></td></tr>
<tr><td><b>Test method</b></td>
<td width="30%"><b>Exception</b></td>
<td width="10%"><b>Time (seconds)</b></td>
<td><b>Instance</b></td>
</tr>
<tr>
<td title='TestRunner.Testrunner.runScenario()'><b>runScenario</b><br>Test class: TestRunner.Testrunner<br>Test method: Runs Cucumber Scenarios<br>Parameters: "Verify user clic on widgets link when widget sublinks open.", "Widgets"</td>
<td><div><pre>org.openqa.selenium.NoSuchElementException: no such element: Unable to locate element: {&quot;method&quot;:&quot;xpath&quot;,&quot;selector&quot;:&quot;//h5[text()=&apos;Widgets&apos;]&quot;}
  (Session info: MicrosoftEdge=114.0.1823.43)
For documentation on this error, please visit: https://www.seleniumhq.org/exceptions/no_such_element.html
Build info: version: &apos;3.141.59&apos;, revision: &apos;e82be7d358&apos;, time: &apos;2018-11-14T08:17:03&apos;
System info: host: &apos;DESKTOP-2A8DDC6&apos;, ip: &apos;192.168.29.14&apos;, os.name: &apos;Windows 10&apos;, os.arch: &apos;amd64&apos;, os.version: &apos;10.0&apos;, java.version: &apos;19.0.1&apos;
Driver info: org.openqa.selenium.edge.EdgeDriver
Capabilities {acceptInsecureCerts: false, browserName: msedge, browserVersion: 114.0.1823.43, javascriptEnabled: true, ms:edgeOptions: {debuggerAddress: localhost:60060}, msedge: {msedgedriverVersion: 114.0.1823.43 (ef5b3acd8c1d..., userDataDir: C:\Users\VAMSHI~1\AppData\L...}, networkConnectionEnabled: false, pageLoadStrategy: normal, platform: WINDOWS, platformName: WINDOWS, proxy: Proxy(), setWindowRect: true, strictFileInteractability: false, timeouts: {implicit: 0, pageLoad: 300000, script: 30000}, unhandledPromptBehavior: dismiss and notify, webauthn:extension:credBlob: true, webauthn:extension:largeBlob: true, webauthn:extension:minPinLength: true, webauthn:extension:prf: true, webauthn:virtualAuthenticators: true}
Session ID: e3f0ee42169bcbb8bf0c06ce229da4d8
*** Element info: {Using=xpath, value=//h5[text()=&apos;Widgets&apos;]}
	at java.base/jdk.internal.reflect.DirectConstructorHandleAccessor.newInstance(DirectConstructorHandleAccessor.java:67)
	at java.base/java.lang.reflect.Constructor.newInstanceWithCaller(Constructor.java:500)
	at java.base/java.lang.reflect.Constructor.newInstance(Constructor.java:484)
	at org.openqa.selenium.remote.http.W3CHttpResponseCodec.createException(W3CHttpResponseCodec.java:187)
	at org.openqa.selenium.remote.http.W3CHttpResponseCodec.decode(W3CHttpResponseCodec.java:122)
	at org.openqa.selenium.remote.http.W3CHttpResponseCodec.decode(W3CHttpResponseCodec.java:49)
	at org.openqa.selenium.remote.HttpCommandExecutor.execute(HttpCommandExecutor.java:158)
	at org.openqa.selenium.remote.service.DriverCommandExecutor.execute(DriverCommandExecutor.java:83)
	at org.openqa.selenium.remote.RemoteWebDriver.execute(RemoteWebDriver.java:552)
	at org.openqa.selenium.remote.RemoteWebDriver.findElement(RemoteWebDriver.java:323)
	at org.openqa.selenium.remote.RemoteWebDriver.findElementByXPath(RemoteWebDriver.java:428)
	at org.openqa.selenium.By$ByXPath.findElement(By.java:353)
	at org.openqa.selenium.remote.RemoteWebDriver.findElement(RemoteWebDriver.java:315)
	at ComanLocaters.ComanLocaters.xpath(ComanLocaters.java:32)
	at Step_Definition.Widgets.click_on_the_Widgets_linktwotimes(Widgets.java:61)
	at ✽.Click on the Widgets linktwotimes.(file:///C:/Users/VamshidharReddyDevir/eclipse-workspace/Testngprograms/AllureInCucumberTestNg/src/test/resources/Features/Widgets.feature:16)
</pre></div><a href='#' onClick='toggleBox("stack-trace1354725727", this, "Click to show all stack frames", "Click to hide stack frames")'>Click to show all stack frames</a>
<div class='stack-trace' id='stack-trace1354725727'><pre>org.openqa.selenium.NoSuchElementException: no such element: Unable to locate element: {&quot;method&quot;:&quot;xpath&quot;,&quot;selector&quot;:&quot;//h5[text()=&apos;Widgets&apos;]&quot;}
  (Session info: MicrosoftEdge=114.0.1823.43)
For documentation on this error, please visit: https://www.seleniumhq.org/exceptions/no_such_element.html
Build info: version: &apos;3.141.59&apos;, revision: &apos;e82be7d358&apos;, time: &apos;2018-11-14T08:17:03&apos;
System info: host: &apos;DESKTOP-2A8DDC6&apos;, ip: &apos;192.168.29.14&apos;, os.name: &apos;Windows 10&apos;, os.arch: &apos;amd64&apos;, os.version: &apos;10.0&apos;, java.version: &apos;19.0.1&apos;
Driver info: org.openqa.selenium.edge.EdgeDriver
Capabilities {acceptInsecureCerts: false, browserName: msedge, browserVersion: 114.0.1823.43, javascriptEnabled: true, ms:edgeOptions: {debuggerAddress: localhost:60060}, msedge: {msedgedriverVersion: 114.0.1823.43 (ef5b3acd8c1d..., userDataDir: C:\Users\VAMSHI~1\AppData\L...}, networkConnectionEnabled: false, pageLoadStrategy: normal, platform: WINDOWS, platformName: WINDOWS, proxy: Proxy(), setWindowRect: true, strictFileInteractability: false, timeouts: {implicit: 0, pageLoad: 300000, script: 30000}, unhandledPromptBehavior: dismiss and notify, webauthn:extension:credBlob: true, webauthn:extension:largeBlob: true, webauthn:extension:minPinLength: true, webauthn:extension:prf: true, webauthn:virtualAuthenticators: true}
Session ID: e3f0ee42169bcbb8bf0c06ce229da4d8
*** Element info: {Using=xpath, value=//h5[text()=&apos;Widgets&apos;]}
	at java.base/jdk.internal.reflect.DirectConstructorHandleAccessor.newInstance(DirectConstructorHandleAccessor.java:67)
	at java.base/java.lang.reflect.Constructor.newInstanceWithCaller(Constructor.java:500)
	at java.base/java.lang.reflect.Constructor.newInstance(Constructor.java:484)
	at org.openqa.selenium.remote.http.W3CHttpResponseCodec.createException(W3CHttpResponseCodec.java:187)
	at org.openqa.selenium.remote.http.W3CHttpResponseCodec.decode(W3CHttpResponseCodec.java:122)
	at org.openqa.selenium.remote.http.W3CHttpResponseCodec.decode(W3CHttpResponseCodec.java:49)
	at org.openqa.selenium.remote.HttpCommandExecutor.execute(HttpCommandExecutor.java:158)
	at org.openqa.selenium.remote.service.DriverCommandExecutor.execute(DriverCommandExecutor.java:83)
	at org.openqa.selenium.remote.RemoteWebDriver.execute(RemoteWebDriver.java:552)
	at org.openqa.selenium.remote.RemoteWebDriver.findElement(RemoteWebDriver.java:323)
	at org.openqa.selenium.remote.RemoteWebDriver.findElementByXPath(RemoteWebDriver.java:428)
	at org.openqa.selenium.By$ByXPath.findElement(By.java:353)
	at org.openqa.selenium.remote.RemoteWebDriver.findElement(RemoteWebDriver.java:315)
	at ComanLocaters.ComanLocaters.xpath(ComanLocaters.java:32)
	at Step_Definition.Widgets.click_on_the_Widgets_linktwotimes(Widgets.java:61)
	at ✽.Click on the Widgets linktwotimes.(file:///C:/Users/VamshidharReddyDevir/eclipse-workspace/Testngprograms/AllureInCucumberTestNg/src/test/resources/Features/Widgets.feature:16)
</pre></div></td>
<td>9</td>
<td>TestRunner.Testrunner@c730b35</td></tr>
<tr>
<td title='TestRunner.Testrunner.runScenario()'><b>runScenario</b><br>Test class: TestRunner.Testrunner<br>Test method: Runs Cucumber Scenarios<br>Parameters: "Verify when the user clicks on widgets and another same-level link of widgets", "Widgets"</td>
<td><div><pre>java.lang.AssertionError: expected [0] but found [5]
	at org.testng.Assert.fail(Assert.java:97)
	at org.testng.Assert.assertEqualsImpl(Assert.java:136)
	at org.testng.Assert.assertEquals(Assert.java:118)
	at org.testng.Assert.assertEquals(Assert.java:839)
	at org.testng.Assert.assertEquals(Assert.java:849)
	at Step_Definition.BookstoreApplication.sublinks_will_be_close(BookstoreApplication.java:43)
	at ✽.sublinks will be close(file:///C:/Users/VamshidharReddyDevir/eclipse-workspace/Testngprograms/AllureInCucumberTestNg/src/test/resources/Features/Widgets.feature:29)
</pre></div><a href='#' onClick='toggleBox("stack-trace1515271018", this, "Click to show all stack frames", "Click to hide stack frames")'>Click to show all stack frames</a>
<div class='stack-trace' id='stack-trace1515271018'><pre>java.lang.AssertionError: expected [0] but found [5]
	at org.testng.Assert.fail(Assert.java:97)
	at org.testng.Assert.assertEqualsImpl(Assert.java:136)
	at org.testng.Assert.assertEquals(Assert.java:118)
	at org.testng.Assert.assertEquals(Assert.java:839)
	at org.testng.Assert.assertEquals(Assert.java:849)
	at Step_Definition.BookstoreApplication.sublinks_will_be_close(BookstoreApplication.java:43)
	at ✽.sublinks will be close(file:///C:/Users/VamshidharReddyDevir/eclipse-workspace/Testngprograms/AllureInCucumberTestNg/src/test/resources/Features/Widgets.feature:29)
</pre></div></td>
<td>5</td>
<td>TestRunner.Testrunner@c730b35</td></tr>
<tr>
<td title='TestRunner.Testrunner.runScenario()'><b>runScenario</b><br>Test class: TestRunner.Testrunner<br>Test method: Runs Cucumber Scenarios<br>Parameters: "Verify user clic on widgets link when widget sublinks open.", "Widgets"</td>
<td><div><pre>org.openqa.selenium.NoSuchElementException: no such element: Unable to locate element: {&quot;method&quot;:&quot;xpath&quot;,&quot;selector&quot;:&quot;//h5[text()=&apos;Widgets&apos;]&quot;}
  (Session info: MicrosoftEdge=114.0.1823.43)
For documentation on this error, please visit: https://www.seleniumhq.org/exceptions/no_such_element.html
Build info: version: &apos;3.141.59&apos;, revision: &apos;e82be7d358&apos;, time: &apos;2018-11-14T08:17:03&apos;
System info: host: &apos;DESKTOP-2A8DDC6&apos;, ip: &apos;192.168.29.14&apos;, os.name: &apos;Windows 10&apos;, os.arch: &apos;amd64&apos;, os.version: &apos;10.0&apos;, java.version: &apos;19.0.1&apos;
Driver info: org.openqa.selenium.edge.EdgeDriver
Capabilities {acceptInsecureCerts: false, browserName: msedge, browserVersion: 114.0.1823.43, javascriptEnabled: true, ms:edgeOptions: {debuggerAddress: localhost:60060}, msedge: {msedgedriverVersion: 114.0.1823.43 (ef5b3acd8c1d..., userDataDir: C:\Users\VAMSHI~1\AppData\L...}, networkConnectionEnabled: false, pageLoadStrategy: normal, platform: WINDOWS, platformName: WINDOWS, proxy: Proxy(), setWindowRect: true, strictFileInteractability: false, timeouts: {implicit: 0, pageLoad: 300000, script: 30000}, unhandledPromptBehavior: dismiss and notify, webauthn:extension:credBlob: true, webauthn:extension:largeBlob: true, webauthn:extension:minPinLength: true, webauthn:extension:prf: true, webauthn:virtualAuthenticators: true}
Session ID: e3f0ee42169bcbb8bf0c06ce229da4d8
*** Element info: {Using=xpath, value=//h5[text()=&apos;Widgets&apos;]}
	at java.base/jdk.internal.reflect.DirectConstructorHandleAccessor.newInstance(DirectConstructorHandleAccessor.java:67)
	at java.base/java.lang.reflect.Constructor.newInstanceWithCaller(Constructor.java:500)
	at java.base/java.lang.reflect.Constructor.newInstance(Constructor.java:484)
	at org.openqa.selenium.remote.http.W3CHttpResponseCodec.createException(W3CHttpResponseCodec.java:187)
	at org.openqa.selenium.remote.http.W3CHttpResponseCodec.decode(W3CHttpResponseCodec.java:122)
	at org.openqa.selenium.remote.http.W3CHttpResponseCodec.decode(W3CHttpResponseCodec.java:49)
	at org.openqa.selenium.remote.HttpCommandExecutor.execute(HttpCommandExecutor.java:158)
	at org.openqa.selenium.remote.service.DriverCommandExecutor.execute(DriverCommandExecutor.java:83)
	at org.openqa.selenium.remote.RemoteWebDriver.execute(RemoteWebDriver.java:552)
	at org.openqa.selenium.remote.RemoteWebDriver.findElement(RemoteWebDriver.java:323)
	at org.openqa.selenium.remote.RemoteWebDriver.findElementByXPath(RemoteWebDriver.java:428)
	at org.openqa.selenium.By$ByXPath.findElement(By.java:353)
	at org.openqa.selenium.remote.RemoteWebDriver.findElement(RemoteWebDriver.java:315)
	at ComanLocaters.ComanLocaters.xpath(ComanLocaters.java:32)
	at Step_Definition.Widgets.click_on_the_Widgets_linktwotimes(Widgets.java:61)
	at ✽.Click on the Widgets linktwotimes.(file:///C:/Users/VamshidharReddyDevir/eclipse-workspace/Testngprograms/AllureInCucumberTestNg/src/test/resources/Features/Widgets2.feature:16)
</pre></div><a href='#' onClick='toggleBox("stack-trace408012754", this, "Click to show all stack frames", "Click to hide stack frames")'>Click to show all stack frames</a>
<div class='stack-trace' id='stack-trace408012754'><pre>org.openqa.selenium.NoSuchElementException: no such element: Unable to locate element: {&quot;method&quot;:&quot;xpath&quot;,&quot;selector&quot;:&quot;//h5[text()=&apos;Widgets&apos;]&quot;}
  (Session info: MicrosoftEdge=114.0.1823.43)
For documentation on this error, please visit: https://www.seleniumhq.org/exceptions/no_such_element.html
Build info: version: &apos;3.141.59&apos;, revision: &apos;e82be7d358&apos;, time: &apos;2018-11-14T08:17:03&apos;
System info: host: &apos;DESKTOP-2A8DDC6&apos;, ip: &apos;192.168.29.14&apos;, os.name: &apos;Windows 10&apos;, os.arch: &apos;amd64&apos;, os.version: &apos;10.0&apos;, java.version: &apos;19.0.1&apos;
Driver info: org.openqa.selenium.edge.EdgeDriver
Capabilities {acceptInsecureCerts: false, browserName: msedge, browserVersion: 114.0.1823.43, javascriptEnabled: true, ms:edgeOptions: {debuggerAddress: localhost:60060}, msedge: {msedgedriverVersion: 114.0.1823.43 (ef5b3acd8c1d..., userDataDir: C:\Users\VAMSHI~1\AppData\L...}, networkConnectionEnabled: false, pageLoadStrategy: normal, platform: WINDOWS, platformName: WINDOWS, proxy: Proxy(), setWindowRect: true, strictFileInteractability: false, timeouts: {implicit: 0, pageLoad: 300000, script: 30000}, unhandledPromptBehavior: dismiss and notify, webauthn:extension:credBlob: true, webauthn:extension:largeBlob: true, webauthn:extension:minPinLength: true, webauthn:extension:prf: true, webauthn:virtualAuthenticators: true}
Session ID: e3f0ee42169bcbb8bf0c06ce229da4d8
*** Element info: {Using=xpath, value=//h5[text()=&apos;Widgets&apos;]}
	at java.base/jdk.internal.reflect.DirectConstructorHandleAccessor.newInstance(DirectConstructorHandleAccessor.java:67)
	at java.base/java.lang.reflect.Constructor.newInstanceWithCaller(Constructor.java:500)
	at java.base/java.lang.reflect.Constructor.newInstance(Constructor.java:484)
	at org.openqa.selenium.remote.http.W3CHttpResponseCodec.createException(W3CHttpResponseCodec.java:187)
	at org.openqa.selenium.remote.http.W3CHttpResponseCodec.decode(W3CHttpResponseCodec.java:122)
	at org.openqa.selenium.remote.http.W3CHttpResponseCodec.decode(W3CHttpResponseCodec.java:49)
	at org.openqa.selenium.remote.HttpCommandExecutor.execute(HttpCommandExecutor.java:158)
	at org.openqa.selenium.remote.service.DriverCommandExecutor.execute(DriverCommandExecutor.java:83)
	at org.openqa.selenium.remote.RemoteWebDriver.execute(RemoteWebDriver.java:552)
	at org.openqa.selenium.remote.RemoteWebDriver.findElement(RemoteWebDriver.java:323)
	at org.openqa.selenium.remote.RemoteWebDriver.findElementByXPath(RemoteWebDriver.java:428)
	at org.openqa.selenium.By$ByXPath.findElement(By.java:353)
	at org.openqa.selenium.remote.RemoteWebDriver.findElement(RemoteWebDriver.java:315)
	at ComanLocaters.ComanLocaters.xpath(ComanLocaters.java:32)
	at Step_Definition.Widgets.click_on_the_Widgets_linktwotimes(Widgets.java:61)
	at ✽.Click on the Widgets linktwotimes.(file:///C:/Users/VamshidharReddyDevir/eclipse-workspace/Testngprograms/AllureInCucumberTestNg/src/test/resources/Features/Widgets2.feature:16)
</pre></div></td>
<td>9</td>
<td>TestRunner.Testrunner@c730b35</td></tr>
</table><p>
<table width='100%' border='1' class='invocation-passed'>
<tr><td colspan='4' align='center'><b>PASSED TESTS</b></td></tr>
<tr><td><b>Test method</b></td>
<td width="30%"><b>Exception</b></td>
<td width="10%"><b>Time (seconds)</b></td>
<td><b>Instance</b></td>
</tr>
<tr>
<td title='TestRunner.Testrunner.runScenario()'><b>runScenario</b><br>Test class: TestRunner.Testrunner<br>Test method: Runs Cucumber Scenarios<br>Parameters: "Verify user click on accordian", "Accordian function"</td>
<td></td>
<td>10</td>
<td>TestRunner.Testrunner@c730b35</td></tr>
<tr>
<td title='TestRunner.Testrunner.runScenario()'><b>runScenario</b><br>Test class: TestRunner.Testrunner<br>Test method: Runs Cucumber Scenarios<br>Parameters: "Verify user click on Quesion link", "Accordian function"</td>
<td></td>
<td>3</td>
<td>TestRunner.Testrunner@c730b35</td></tr>
<tr>
<td title='TestRunner.Testrunner.runScenario()'><b>runScenario</b><br>Test class: TestRunner.Testrunner<br>Test method: Runs Cucumber Scenarios<br>Parameters: "verify user click accordian two times", "Accordian function"</td>
<td></td>
<td>2</td>
<td>TestRunner.Testrunner@c730b35</td></tr>
<tr>
<td title='TestRunner.Testrunner.runScenario()'><b>runScenario</b><br>Test class: TestRunner.Testrunner<br>Test method: Runs Cucumber Scenarios<br>Parameters: "verify user one question link two times at a time", "Accordian function"</td>
<td></td>
<td>2</td>
<td>TestRunner.Testrunner@c730b35</td></tr>
<tr>
<td title='TestRunner.Testrunner.runScenario()'><b>runScenario</b><br>Test class: TestRunner.Testrunner<br>Test method: Runs Cucumber Scenarios<br>Parameters: "verify user click on ather question link when other question is open", "Accordian function"</td>
<td></td>
<td>1</td>
<td>TestRunner.Testrunner@c730b35</td></tr>
<tr>
<td title='TestRunner.Testrunner.runScenario()'><b>runScenario</b><br>Test class: TestRunner.Testrunner<br>Test method: Runs Cucumber Scenarios<br>Parameters: "Verify the user is able to click on BookstoreApplication", "BookstoreApplication"</td>
<td></td>
<td>5</td>
<td>TestRunner.Testrunner@c730b35</td></tr>
<tr>
<td title='TestRunner.Testrunner.runScenario()'><b>runScenario</b><br>Test class: TestRunner.Testrunner<br>Test method: Runs Cucumber Scenarios<br>Parameters: "Verify user clic on BookstoreApplication link when widget sublinks open.", "BookstoreApplication"</td>
<td></td>
<td>3</td>
<td>TestRunner.Testrunner@c730b35</td></tr>
<tr>
<td title='TestRunner.Testrunner.runScenario()'><b>runScenario</b><br>Test class: TestRunner.Testrunner<br>Test method: Runs Cucumber Scenarios<br>Parameters: "Verify the user's click on BookstoreApplication link after clicking on the sublink.", "BookstoreApplication"</td>
<td></td>
<td>2</td>
<td>TestRunner.Testrunner@c730b35</td></tr>
<tr>
<td title='TestRunner.Testrunner.runScenario()'><b>runScenario</b><br>Test class: TestRunner.Testrunner<br>Test method: Runs Cucumber Scenarios<br>Parameters: "Verify when the user clicks on BookstoreApplication and another same-level link of BookstoreApplication", "BookstoreApplication"</td>
<td></td>
<td>3</td>
<td>TestRunner.Testrunner@c730b35</td></tr>
<tr>
<td title='TestRunner.Testrunner.runScenario()'><b>runScenario</b><br>Test class: TestRunner.Testrunner<br>Test method: Runs Cucumber Scenarios<br>Parameters: "Verify when the user opens sublink of BookstoreApplication and click on the intractions link.", "BookstoreApplication"</td>
<td></td>
<td>4</td>
<td>TestRunner.Testrunner@c730b35</td></tr>
<tr>
<td title='TestRunner.Testrunner.runScenario()'><b>runScenario</b><br>Test class: TestRunner.Testrunner<br>Test method: Runs Cucumber Scenarios<br>Parameters: "Varify date picker function", "Date picker"</td>
<td></td>
<td>1</td>
<td>TestRunner.Testrunner@c730b35</td></tr>
<tr>
<td title='TestRunner.Testrunner.runScenario()'><b>runScenario</b><br>Test class: TestRunner.Testrunner<br>Test method: Runs Cucumber Scenarios<br>Parameters: "Verify Select Date text box", "Date picker"</td>
<td></td>
<td>1</td>
<td>TestRunner.Testrunner@c730b35</td></tr>
<tr>
<td title='TestRunner.Testrunner.runScenario()'><b>runScenario</b><br>Test class: TestRunner.Testrunner<br>Test method: Runs Cucumber Scenarios<br>Parameters: "Verify Select Month", "Date picker"</td>
<td></td>
<td>2</td>
<td>TestRunner.Testrunner@c730b35</td></tr>
<tr>
<td title='TestRunner.Testrunner.runScenario()'><b>runScenario</b><br>Test class: TestRunner.Testrunner<br>Test method: Runs Cucumber Scenarios<br>Parameters: "Verify Select Year", "Date picker"</td>
<td></td>
<td>2</td>
<td>TestRunner.Testrunner@c730b35</td></tr>
<tr>
<td title='TestRunner.Testrunner.runScenario()'><b>runScenario</b><br>Test class: TestRunner.Testrunner<br>Test method: Runs Cucumber Scenarios<br>Parameters: "Verify select date", "Date picker"</td>
<td></td>
<td>1</td>
<td>TestRunner.Testrunner@c730b35</td></tr>
<tr>
<td title='TestRunner.Testrunner.runScenario()'><b>runScenario</b><br>Test class: TestRunner.Testrunner<br>Test method: Runs Cucumber Scenarios<br>Parameters: "Verify Select date and time", "Date picker"</td>
<td></td>
<td>1</td>
<td>TestRunner.Testrunner@c730b35</td></tr>
<tr>
<td title='TestRunner.Testrunner.runScenario()'><b>runScenario</b><br>Test class: TestRunner.Testrunner<br>Test method: Runs Cucumber Scenarios<br>Parameters: "verify click on month in select date and time text box", "Date picker"</td>
<td></td>
<td>2</td>
<td>TestRunner.Testrunner@c730b35</td></tr>
<tr>
<td title='TestRunner.Testrunner.runScenario()'><b>runScenario</b><br>Test class: TestRunner.Testrunner<br>Test method: Runs Cucumber Scenarios<br>Parameters: "Verify click on perticular month", "Date picker"</td>
<td></td>
<td>2</td>
<td>TestRunner.Testrunner@c730b35</td></tr>
<tr>
<td title='TestRunner.Testrunner.runScenario()'><b>runScenario</b><br>Test class: TestRunner.Testrunner<br>Test method: Runs Cucumber Scenarios<br>Parameters: "Verify click on year", "Date picker"</td>
<td></td>
<td>1</td>
<td>TestRunner.Testrunner@c730b35</td></tr>
<tr>
<td title='TestRunner.Testrunner.runScenario()'><b>runScenario</b><br>Test class: TestRunner.Testrunner<br>Test method: Runs Cucumber Scenarios<br>Parameters: "Verify select year", "Date picker"</td>
<td></td>
<td>2</td>
<td>TestRunner.Testrunner@c730b35</td></tr>
<tr>
<td title='TestRunner.Testrunner.runScenario()'><b>runScenario</b><br>Test class: TestRunner.Testrunner<br>Test method: Runs Cucumber Scenarios<br>Parameters: "verify select date", "Date picker"</td>
<td></td>
<td>3</td>
<td>TestRunner.Testrunner@c730b35</td></tr>
<tr>
<td title='TestRunner.Testrunner.runScenario()'><b>runScenario</b><br>Test class: TestRunner.Testrunner<br>Test method: Runs Cucumber Scenarios<br>Parameters: "Verify select time", "Date picker"</td>
<td></td>
<td>2</td>
<td>TestRunner.Testrunner@c730b35</td></tr>
<tr>
<td title='TestRunner.Testrunner.runScenario()'><b>runScenario</b><br>Test class: TestRunner.Testrunner<br>Test method: Runs Cucumber Scenarios<br>Parameters: "Valiadte user clicks on Progress_bar", "Validate Progress functanility in widgets"</td>
<td></td>
<td>6</td>
<td>TestRunner.Testrunner@c730b35</td></tr>
<tr>
<td title='TestRunner.Testrunner.runScenario()'><b>runScenario</b><br>Test class: TestRunner.Testrunner<br>Test method: Runs Cucumber Scenarios<br>Parameters: "Validate the user click on start button", "Validate Progress functanility in widgets"</td>
<td></td>
<td>4</td>
<td>TestRunner.Testrunner@c730b35</td></tr>
<tr>
<td title='TestRunner.Testrunner.runScenario()'><b>runScenario</b><br>Test class: TestRunner.Testrunner<br>Test method: Runs Cucumber Scenarios<br>Parameters: "Valiadate user clicks on stop button after starting it", "Validate Progress functanility in widgets"</td>
<td></td>
<td>4</td>
<td>TestRunner.Testrunner@c730b35</td></tr>
<tr>
<td title='TestRunner.Testrunner.runScenario()'><b>runScenario</b><br>Test class: TestRunner.Testrunner<br>Test method: Runs Cucumber Scenarios<br>Parameters: "Valiadate user progress can reach 100% after clicking start", "Validate Progress functanility in widgets"</td>
<td></td>
<td>4</td>
<td>TestRunner.Testrunner@c730b35</td></tr>
<tr>
<td title='TestRunner.Testrunner.runScenario()'><b>runScenario</b><br>Test class: TestRunner.Testrunner<br>Test method: Runs Cucumber Scenarios<br>Parameters: "Valiadte user clicks on Reset after complition of progress", "Validate Progress functanility in widgets"</td>
<td></td>
<td>16</td>
<td>TestRunner.Testrunner@c730b35</td></tr>
<tr>
<td title='TestRunner.Testrunner.runScenario()'><b>runScenario</b><br>Test class: TestRunner.Testrunner<br>Test method: Runs Cucumber Scenarios<br>Parameters: "valiadte user clicks on start and stop button randomly", "Validate Progress functanility in widgets"</td>
<td></td>
<td>5</td>
<td>TestRunner.Testrunner@c730b35</td></tr>
<tr>
<td title='TestRunner.Testrunner.runScenario()'><b>runScenario</b><br>Test class: TestRunner.Testrunner<br>Test method: Runs Cucumber Scenarios<br>Parameters: "verify the slider link", "slider function"</td>
<td></td>
<td>1</td>
<td>TestRunner.Testrunner@c730b35</td></tr>
<tr>
<td title='TestRunner.Testrunner.runScenario()'><b>runScenario</b><br>Test class: TestRunner.Testrunner<br>Test method: Runs Cucumber Scenarios<br>Parameters: "verify the slider point Move to right side", "slider function"</td>
<td></td>
<td>4</td>
<td>TestRunner.Testrunner@c730b35</td></tr>
<tr>
<td title='TestRunner.Testrunner.runScenario()'><b>runScenario</b><br>Test class: TestRunner.Testrunner<br>Test method: Runs Cucumber Scenarios<br>Parameters: "Verify  slider how much moved", "slider function"</td>
<td></td>
<td>5</td>
<td>TestRunner.Testrunner@c730b35</td></tr>
<tr>
<td title='TestRunner.Testrunner.runScenario()'><b>runScenario</b><br>Test class: TestRunner.Testrunner<br>Test method: Runs Cucumber Scenarios<br>Parameters: "Verify slider move to left side", "slider function"</td>
<td></td>
<td>5</td>
<td>TestRunner.Testrunner@c730b35</td></tr>
<tr>
<td title='TestRunner.Testrunner.runScenario()'><b>runScenario</b><br>Test class: TestRunner.Testrunner<br>Test method: Runs Cucumber Scenarios<br>Parameters: "Verify slider move right and left side", "slider function"</td>
<td></td>
<td>6</td>
<td>TestRunner.Testrunner@c730b35</td></tr>
<tr>
<td title='TestRunner.Testrunner.runScenario()'><b>runScenario</b><br>Test class: TestRunner.Testrunner<br>Test method: Runs Cucumber Scenarios<br>Parameters: "Verify user able to click on tabs link", "Tools function"</td>
<td></td>
<td>1</td>
<td>TestRunner.Testrunner@c730b35</td></tr>
<tr>
<td title='TestRunner.Testrunner.runScenario()'><b>runScenario</b><br>Test class: TestRunner.Testrunner<br>Test method: Runs Cucumber Scenarios<br>Parameters: "Verify user click on whats tab", "Tools function"</td>
<td></td>
<td>2</td>
<td>TestRunner.Testrunner@c730b35</td></tr>
<tr>
<td title='TestRunner.Testrunner.runScenario()'><b>runScenario</b><br>Test class: TestRunner.Testrunner<br>Test method: Runs Cucumber Scenarios<br>Parameters: "Verify user click on Origin", "Tools function"</td>
<td></td>
<td>3</td>
<td>TestRunner.Testrunner@c730b35</td></tr>
<tr>
<td title='TestRunner.Testrunner.runScenario()'><b>runScenario</b><br>Test class: TestRunner.Testrunner<br>Test method: Runs Cucumber Scenarios<br>Parameters: "Verify user click on use", "Tools function"</td>
<td></td>
<td>1</td>
<td>TestRunner.Testrunner@c730b35</td></tr>
<tr>
<td title='TestRunner.Testrunner.runScenario()'><b>runScenario</b><br>Test class: TestRunner.Testrunner<br>Test method: Runs Cucumber Scenarios<br>Parameters: "Verify user click on more", "Tools function"</td>
<td></td>
<td>1</td>
<td>TestRunner.Testrunner@c730b35</td></tr>
<tr>
<td title='TestRunner.Testrunner.runScenario()'><b>runScenario</b><br>Test class: TestRunner.Testrunner<br>Test method: Runs Cucumber Scenarios<br>Parameters: "Verify user click on origin and use", "Tools function"</td>
<td></td>
<td>1</td>
<td>TestRunner.Testrunner@c730b35</td></tr>
<tr>
<td title='TestRunner.Testrunner.runScenario()'><b>runScenario</b><br>Test class: TestRunner.Testrunner<br>Test method: Runs Cucumber Scenarios<br>Parameters: "Verify tool tips is clicking", "Tool Tips function"</td>
<td></td>
<td>2</td>
<td>TestRunner.Testrunner@c730b35</td></tr>
<tr>
<td title='TestRunner.Testrunner.runScenario()'><b>runScenario</b><br>Test class: TestRunner.Testrunner<br>Test method: Runs Cucumber Scenarios<br>Parameters: "Verify  click on Hover me to see button", "Tool Tips function"</td>
<td></td>
<td>2</td>
<td>TestRunner.Testrunner@c730b35</td></tr>
<tr>
<td title='TestRunner.Testrunner.runScenario()'><b>runScenario</b><br>Test class: TestRunner.Testrunner<br>Test method: Runs Cucumber Scenarios<br>Parameters: "verify click on hover me to see text box", "Tool Tips function"</td>
<td></td>
<td>2</td>
<td>TestRunner.Testrunner@c730b35</td></tr>
<tr>
<td title='TestRunner.Testrunner.runScenario()'><b>runScenario</b><br>Test class: TestRunner.Testrunner<br>Test method: Runs Cucumber Scenarios<br>Parameters: "Verify click on contrary", "Tool Tips function"</td>
<td></td>
<td>2</td>
<td>TestRunner.Testrunner@c730b35</td></tr>
<tr>
<td title='TestRunner.Testrunner.runScenario()'><b>runScenario</b><br>Test class: TestRunner.Testrunner<br>Test method: Runs Cucumber Scenarios<br>Parameters: "Verify the user is able to click on widgets", "Widgets"</td>
<td></td>
<td>4</td>
<td>TestRunner.Testrunner@c730b35</td></tr>
<tr>
<td title='TestRunner.Testrunner.runScenario()'><b>runScenario</b><br>Test class: TestRunner.Testrunner<br>Test method: Runs Cucumber Scenarios<br>Parameters: "Verify the user's click on widgets link after clicking on the sublink.", "Widgets"</td>
<td></td>
<td>4</td>
<td>TestRunner.Testrunner@c730b35</td></tr>
<tr>
<td title='TestRunner.Testrunner.runScenario()'><b>runScenario</b><br>Test class: TestRunner.Testrunner<br>Test method: Runs Cucumber Scenarios<br>Parameters: "Verify when the user opens sublink of widgets and click on the intractions link.", "Widgets"</td>
<td></td>
<td>4</td>
<td>TestRunner.Testrunner@c730b35</td></tr>
<tr>
<td title='TestRunner.Testrunner.runScenario()'><b>runScenario</b><br>Test class: TestRunner.Testrunner<br>Test method: Runs Cucumber Scenarios<br>Parameters: "Verify the user is able to click on widgets", "Widgets"</td>
<td></td>
<td>4</td>
<td>TestRunner.Testrunner@c730b35</td></tr>
<tr>
<td title='TestRunner.Testrunner.runScenario()'><b>runScenario</b><br>Test class: TestRunner.Testrunner<br>Test method: Runs Cucumber Scenarios<br>Parameters: "Verify the user's click on widgets link after clicking on the sublink.", "Widgets"</td>
<td></td>
<td>4</td>
<td>TestRunner.Testrunner@c730b35</td></tr>
<tr>
<td title='TestRunner.Testrunner.runScenario()'><b>runScenario</b><br>Test class: TestRunner.Testrunner<br>Test method: Runs Cucumber Scenarios<br>Parameters: "Verify when the user clicks on widgets and another same-level link of widgets", "Widgets"</td>
<td></td>
<td>4</td>
<td>TestRunner.Testrunner@c730b35</td></tr>
<tr>
<td title='TestRunner.Testrunner.runScenario()'><b>runScenario</b><br>Test class: TestRunner.Testrunner<br>Test method: Runs Cucumber Scenarios<br>Parameters: "Verify when the user opens sublink of widgets and click on the intractions link.", "Widgets"</td>
<td></td>
<td>3</td>
<td>TestRunner.Testrunner@c730b35</td></tr>
<tr>
<td title='TestRunner.Testrunner.runScenario()'><b>runScenario</b><br>Test class: TestRunner.Testrunner<br>Test method: Runs Cucumber Scenarios<br>Parameters: "Practice webelements Action", "Practice In Toolqa"</td>
<td></td>
<td>34</td>
<td>TestRunner.Testrunner@c730b35</td></tr>
</table><p>
</body>
</html>